<?xml version="1.0" encoding="UTF-8"?>
<testng-results skipped="0" failed="0" total="1" passed="1">
  <reporter-output>
  </reporter-output>
  <suite name="INSIGHT Automation test suite" duration-ms="87199" started-at="2020-01-21T12:25:06Z" finished-at="2020-01-21T12:26:33Z">
    <groups>
    </groups>
    <test name="WebApplication" duration-ms="87199" started-at="2020-01-21T12:25:06Z" finished-at="2020-01-21T12:26:33Z">
      <class name="com.insight.WebTest.SEWP.TejaTest">
        <test-method status="PASS" signature="beforeSuite(org.testng.ITestContext, java.lang.String, java.lang.String)[pri:0, instance:com.insight.WebTest.SEWP.TejaTest@290222c1]" name="beforeSuite" is-config="true" duration-ms="47" started-at="2020-01-21T17:55:06Z" finished-at="2020-01-21T17:55:06Z">
          <params>
            <param index="0">
              <value>
                <![CDATA[org.testng.TestRunner@d56aaa6]]>
              </value>
            </param>
            <param index="1">
              <value>
                <![CDATA[Sequential]]>
              </value>
            </param>
            <param index="2">
              <value>
                <![CDATA[Regression]]>
              </value>
            </param>
          </params>
          <reporter-output>
          </reporter-output>
        </test-method> <!-- beforeSuite -->
        <test-method status="PASS" signature="beforeClass(java.lang.String, java.lang.String, java.lang.String, java.lang.String, java.lang.String, java.lang.String, java.lang.String, org.testng.ITestContext)[pri:0, instance:com.insight.WebTest.SEWP.TejaTest@290222c1]" name="beforeClass" is-config="true" duration-ms="310" started-at="2020-01-21T17:55:06Z" finished-at="2020-01-21T17:55:06Z">
          <params>
            <param index="0">
              <value>
                <![CDATA[selenium]]>
              </value>
            </param>
            <param index="1">
              <value>
                <![CDATA[chrome]]>
              </value>
            </param>
            <param index="2">
              <value>
                <![CDATA[76.0]]>
              </value>
            </param>
            <param index="3">
              <value>
                <![CDATA[local]]>
              </value>
            </param>
            <param index="4">
              <value>
                <![CDATA[windows 10]]>
              </value>
            </param>
            <param index="5">
              <value>
                <![CDATA[web]]>
              </value>
            </param>
            <param index="6">
              <value>
                <![CDATA[local]]>
              </value>
            </param>
            <param index="7">
              <value>
                <![CDATA[org.testng.TestRunner@d56aaa6]]>
              </value>
            </param>
          </params>
          <reporter-output>
          </reporter-output>
        </test-method> <!-- beforeClass -->
        <test-method status="PASS" signature="beforeMethod(java.lang.reflect.Method)[pri:0, instance:com.insight.WebTest.SEWP.TejaTest@290222c1]" name="beforeMethod" is-config="true" duration-ms="103" started-at="2020-01-21T17:55:06Z" finished-at="2020-01-21T17:55:06Z">
          <params>
            <param index="0">
              <value>
                <![CDATA[public void com.insight.WebTest.SEWP.TejaTest.TEJA_TEST(int,java.lang.String,boolean) throws java.lang.Throwable]]>
              </value>
            </param>
          </params>
          <reporter-output>
          </reporter-output>
        </test-method> <!-- beforeMethod -->
        <test-method status="PASS" signature="TEJA_TEST(int, java.lang.String, boolean)[pri:0, instance:com.insight.WebTest.SEWP.TejaTest@290222c1]" name="TEJA_TEST" duration-ms="86769" started-at="2020-01-21T17:55:06Z" finished-at="2020-01-21T17:56:33Z">
          <params>
            <param index="0">
              <value>
                <![CDATA[1]]>
              </value>
            </param>
            <param index="1">
              <value is-null="true"/>
            </param>
            <param index="2">
              <value>
                <![CDATA[false]]>
              </value>
            </param>
          </params>
          <reporter-output>
          </reporter-output>
        </test-method> <!-- TEJA_TEST -->
        <test-method status="PASS" signature="afterMethod()[pri:0, instance:com.insight.WebTest.SEWP.TejaTest@290222c1]" name="afterMethod" is-config="true" duration-ms="2" started-at="2020-01-21T17:56:33Z" finished-at="2020-01-21T17:56:33Z">
          <reporter-output>
          </reporter-output>
        </test-method> <!-- afterMethod -->
        <test-method status="PASS" signature="afterClass(java.lang.String)[pri:0, instance:com.insight.WebTest.SEWP.TejaTest@290222c1]" name="afterClass" is-config="true" duration-ms="0" started-at="2020-01-21T17:56:33Z" finished-at="2020-01-21T17:56:33Z">
          <params>
            <param index="0">
              <value>
                <![CDATA[chrome]]>
              </value>
            </param>
          </params>
          <reporter-output>
          </reporter-output>
        </test-method> <!-- afterClass -->
        <test-method status="PASS" signature="afterSuite(org.testng.ITestContext, java.lang.String, java.lang.String)[pri:0, instance:com.insight.WebTest.SEWP.TejaTest@290222c1]" name="afterSuite" is-config="true" duration-ms="230" started-at="2020-01-21T17:56:33Z" finished-at="2020-01-21T17:56:34Z">
          <params>
            <param index="0">
              <value>
                <![CDATA[org.testng.TestRunner@d56aaa6]]>
              </value>
            </param>
            <param index="1">
              <value>
                <![CDATA[Sequential]]>
              </value>
            </param>
            <param index="2">
              <value>
                <![CDATA[Regression]]>
              </value>
            </param>
          </params>
          <reporter-output>
          </reporter-output>
        </test-method> <!-- afterSuite -->
      </class> <!-- com.insight.WebTest.SEWP.TejaTest -->
    </test> <!-- WebApplication -->
  </suite> <!-- INSIGHT Automation test suite -->
</testng-results>
